06/04/2023 08:26:58 INICIANDO...
06/04/2023 08:26:58 2.9.0.1
06/04/2023 08:26:58 Usuário: marco(Administrador)
06/04/2023 08:26:58 Versão do Sistema Operacional: 6.2.9200
06/04/2023 08:26:58 64 Bits: true
06/04/2023 08:26:58  109.0.1.8427 ( 109.0 )
06/04/2023 08:26:58 UAC: Ativado
06/04/2023 08:26:58 Verificando se Mozilla Firefox está instalado...
06/04/2023 08:26:58 Mozilla Firefox instalado.
06/04/2023 08:26:58 [1: Ajustando ambiente] Verificando...
06/04/2023 08:26:58 [1: Ajustando ambiente] Corrigindo TLS.
06/04/2023 08:26:58 [1: Ajustando ambiente] Ok.
06/04/2023 08:26:58 [2: Ajustes iniciais] Verificando...
06/04/2023 08:26:58 [2: Ajustes iniciais] Ok.
06/04/2023 08:26:58 [3: Instalação dos certificados raíz] Verificando...
06/04/2023 08:26:58 [3: Instalação dos certificados raíz] Efetuando download do instalador...
06/04/2023 08:26:59 [3: Instalação dos certificados raíz] Instalando...
06/04/2023 08:27:00 [3: Instalação dos certificados raíz] Ok.
06/04/2023 08:27:00 [5: Ajustes adicionais] Verificando...
06/04/2023 08:27:00 [5: Ajustes adicionais] Limpando...
06/04/2023 08:27:00 [5: Ajustes adicionais] Ok.
06/04/2023 08:27:00 [6: Preparando navegador Firefox] Verificando...
06/04/2023 08:27:00 [6: Preparando navegador Firefox] Ok.
06/04/2023 08:27:00 [7: Instalando módulo de segurança] Verificando...
06/04/2023 08:27:00 [7: Instalando módulo de segurança] Efetuando download do instalador...
06/04/2023 08:27:06 [7: Instalando módulo de segurança] Instalando...
06/04/2023 08:27:27 [7: Instalando módulo de segurança] Ok.
06/04/2023 08:27:27 [9: Finalizando a instalação] Verificando...
06/04/2023 08:27:27 [9: Finalizando a instalação] Ok.
06/04/2023 08:27:27 [10: Validando a instalação] Verificando...
06/04/2023 08:27:41 [10: Validando a instalação] Instalando...
06/04/2023 08:27:47 [10: Validando a instalação] Ok.
06/04/2023 08:27:47 [11: Finalizando ajustes no navegador] Verificando...
06/04/2023 08:27:47 [11: Finalizando ajustes no navegador] Instalando...
06/04/2023 08:27:47 [11: Finalizando ajustes no navegador] Ok.
06/04/2023 08:27:47 [12: Ajustando ambiente] Verificando...
06/04/2023 08:27:47 [12: Ajustando ambiente] Ok.
06/04/2023 08:27:47 [13: Ajustando ambiente] Verificando...
06/04/2023 08:27:48 [13: Ajustando ambiente] Ok.
06/04/2023 08:27:48 [14: Concluindo ajustes] Verificando...
06/04/2023 08:27:56 [14: Concluindo ajustes] CONCLUÍDO.
06/04/2023 08:27:56 CONCLUÍDO.
